Arguments: 
  /usr/bin/node /usr/bin/yarn add esm

PATH: 
  /home/lola/.sdkman/candidates/gradle/current/bin:/home/lola/.cargo/bin:/home/lola/.local/bin:/usr/local/sbin:/usr/local/bin:/usr/sbin:/usr/bin:/sbin:/bin:/usr/games:/usr/local/games:/snap/bin:/usr/local/go/bin

Yarn version: 
  1.21.1

Node version: 
  13.7.0

Platform: 
  linux x64

Trace: 
  Error: https://registry.yarnpkg.com/fcwebsigner: Not found
      at Request.params.callback [as _callback] (/usr/lib/node_modules/yarn/lib/cli.js:66947:18)
      at Request.self.callback (/usr/lib/node_modules/yarn/lib/cli.js:140665:22)
      at Request.emit (events.js:321:20)
      at Request.<anonymous> (/usr/lib/node_modules/yarn/lib/cli.js:141637:10)
      at Request.emit (events.js:321:20)
      at IncomingMessage.<anonymous> (/usr/lib/node_modules/yarn/lib/cli.js:141559:12)
      at Object.onceWrapper (events.js:427:28)
      at IncomingMessage.emit (events.js:333:22)
      at endReadableNT (_stream_readable.js:1201:12)
      at processTicksAndRejections (internal/process/task_queues.js:84:21)

npm manifest: 
  {
    "name": "@zondax/ledger-filecoin",
    "version": "0.0.0",
    "description": "Node API for Filecoin App (Ledger Nano S/X)",
    "main": "./dist/index.js",
    "types": "./dist/index.d.ts",
    "repository": {
      "type": "git",
      "url": "git+https://github.com/zondax/ledger-filecoin-js.git"
    },
    "keywords": [
      "Ledger",
      "Javascript",
      "Filecoin"
    ],
    "author": "Zondax GmbH",
    "license": "Apache-2.0",
    "bugs": {
      "url": "https://github.com/zondax/ledger-filecoin-js/issues"
    },
    "type": "module",
    "homepage": "https://github.com/zondax/ledger-filecoin-js",
    "dependencies": {
      "@babel/runtime": "^7.8.3",
      "@ledgerhq/hw-transport": "^5.7.0",
      "fcwebsigner": "^0.0.1"
    },
    "devDependencies": {
      "@babel/cli": "^7.8.3",
      "@babel/core": "^7.8.3",
      "@babel/node": "^7.8.3",
      "@babel/plugin-transform-runtime": "^7.8.3",
      "@babel/preset-env": "^7.8.3",
      "babel-eslint": "^10.0.3",
      "babel-jest": "^25.1.0",
      "babel-plugin-transform-es2015-modules-commonjs": "^6.26.2",
      "eslint": "^6.7.2",
      "eslint-config-airbnb-base": "^14.0.0",
      "eslint-config-prettier": "^6.7.0",
      "eslint-plugin-import": "^2.20.0",
      "eslint-plugin-jest": "^23.6.0",
      "eslint-plugin-prettier": "^3.1.1",
      "eslint-plugin-vue": "^6.1.2",
      "jest": "^25.1.0",
      "jest-serial-runner": "^1.1.0",
      "prettier": "^1.19.1"
    },
    "scripts": {
      "build": "babel src --out-dir dist",
      "test:unit": "jest -c jest.config.unit.js",
      "test:integration": "jest -c jest.config.integration.js --runInBand --detectOpenHandles --no-cache"
    },
    "postcss": {
      "plugins": {
        "autoprefixer": {}
      }
    },
    "browserslist": [
      "> 1%",
      "last 2 versions"
    ],
    "publishConfig": {
      "access": "public"
    }
  }

yarn manifest: 
  No manifest

Lockfile: 
  No lockfile
